# JRE version: OpenJDK Runtime Environment (17.0.7) (build 17.0.7+0-b2043.56-10550314)
# Java VM: OpenJDK 64-Bit Server VM (17.0.7+0-b2043.56-10550314, mixed mode, tiered, compressed oops, compressed class ptrs, g1 gc, windows-amd64)
GC Precious Log:
 CPUs: 8 total, 8 available
 Memory: 16064M
 Large Page Support: Disabled
 NUMA Support: Disabled
 Compressed Oops: Enabled (32-bit)
 Heap Region Size: 1M
 Heap Min Capacity: 8M
 Heap Initial Capacity: 252M
 Heap Max Capacity: 2G
 Pre-touch: Disabled
 Parallel Workers: 8
 Concurrent Workers: 2
 Concurrent Refinement Workers: 8
 Periodic GC: Disabled
Heap:
 garbage-first heap   total 71680K, used 51515K [0x0000000080000000, 0x0000000100000000)
  region size 1024K, 22 young (22528K), 2 survivors (2048K)
 Metaspace       used 47898K, committed 48384K, reserved 1114112K
  class space    used 6428K, committed 6656K, reserved 1048576K
GC Heap History (20 events):
Event: 1.456 GC heap before
{Heap before GC invocations=1 (full 0):
 garbage-first heap   total 258048K, used 38997K [0x0000000080000000, 0x0000000100000000)
  region size 1024K, 31 young (31744K), 3 survivors (3072K)
 Metaspace       used 11412K, committed 11584K, reserved 1114112K
  class space    used 1197K, committed 1280K, reserved 1048576K
}
Event: 1.459 GC heap after
{Heap after GC invocations=2 (full 0):
 garbage-first heap   total 258048K, used 11534K [0x0000000080000000, 0x0000000100000000)
  region size 1024K, 1 young (1024K), 1 survivors (1024K)
 Metaspace       used 11412K, committed 11584K, reserved 1114112K
  class space    used 1197K, committed 1280K, reserved 1048576K
}
Event: 3.149 GC heap before
{Heap before GC invocations=2 (full 0):
 garbage-first heap   total 258048K, used 64782K [0x0000000080000000, 0x0000000100000000)
  region size 1024K, 53 young (54272K), 1 survivors (1024K)
 Metaspace       used 21296K, committed 21504K, reserved 1114112K
  class space    used 2518K, committed 2624K, reserved 1048576K
}
Event: 3.156 GC heap after
{Heap after GC invocations=3 (full 0):
 garbage-first heap   total 258048K, used 18959K [0x0000000080000000, 0x0000000100000000)
  region size 1024K, 9 young (9216K), 9 survivors (9216K)
 Metaspace       used 21296K, committed 21504K, reserved 1114112K
  class space    used 2518K, committed 2624K, reserved 1048576K
}
Event: 4.140 GC heap before
{Heap before GC invocations=4 (full 0):
 garbage-first heap   total 71680K, used 52751K [0x0000000080000000, 0x0000000100000000)
  region size 1024K, 42 young (43008K), 9 survivors (9216K)
 Metaspace       used 26135K, committed 26432K, reserved 1114112K
  class space    used 3367K, committed 3520K, reserved 1048576K
}
Event: 4.150 GC heap after
{Heap after GC invocations=5 (full 0):
 garbage-first heap   total 71680K, used 20712K [0x0000000080000000, 0x0000000100000000)
  region size 1024K, 3 young (3072K), 3 survivors (3072K)
 Metaspace       used 26135K, committed 26432K, reserved 1114112K
  class space    used 3367K, committed 3520K, reserved 1048576K
}
Event: 4.908 GC heap before
{Heap before GC invocations=5 (full 0):
 garbage-first heap   total 71680K, used 49384K [0x0000000080000000, 0x0000000100000000)
  region size 1024K, 31 young (31744K), 3 survivors (3072K)
 Metaspace       used 29963K, committed 30336K, reserved 1114112K
  class space    used 3996K, committed 4160K, reserved 1048576K
}
Event: 4.912 GC heap after
{Heap after GC invocations=6 (full 0):
 garbage-first heap   total 71680K, used 21967K [0x0000000080000000, 0x0000000100000000)
  region size 1024K, 4 young (4096K), 4 survivors (4096K)
 Metaspace       used 29963K, committed 30336K, reserved 1114112K
  class space    used 3996K, committed 4160K, reserved 1048576K
}
Event: 6.152 GC heap before
{Heap before GC invocations=6 (full 0):
 garbage-first heap   total 71680K, used 50639K [0x0000000080000000, 0x0000000100000000)
  region size 1024K, 33 young (33792K), 4 survivors (4096K)
 Metaspace       used 33630K, committed 33984K, reserved 1114112K
  class space    used 4608K, committed 4736K, reserved 1048576K
}
Event: 6.155 GC heap after
{Heap after GC invocations=7 (full 0):
 garbage-first heap   total 71680K, used 23399K [0x0000000080000000, 0x0000000100000000)
  region size 1024K, 4 young (4096K), 4 survivors (4096K)
 Metaspace       used 33630K, committed 33984K, reserved 1114112K
  class space    used 4608K, committed 4736K, reserved 1048576K
}
Event: 6.520 GC heap before
{Heap before GC invocations=7 (full 0):
 garbage-first heap   total 71680K, used 35687K [0x0000000080000000, 0x0000000100000000)
  region size 1024K, 17 young (17408K), 4 survivors (4096K)
 Metaspace       used 35674K, committed 35968K, reserved 1114112K
  class space    used 4922K, committed 5056K, reserved 1048576K
}
Event: 6.524 GC heap after
{Heap after GC invocations=8 (full 0):
 garbage-first heap   total 71680K, used 24077K [0x0000000080000000, 0x0000000100000000)
  region size 1024K, 2 young (2048K), 2 survivors (2048K)
 Metaspace       used 35674K, committed 35968K, reserved 1114112K
  class space    used 4922K, committed 5056K, reserved 1048576K
}
Event: 7.615 GC heap before
{Heap before GC invocations=9 (full 0):
 garbage-first heap   total 71680K, used 53773K [0x0000000080000000, 0x0000000100000000)
  region size 1024K, 32 young (32768K), 2 survivors (2048K)
 Metaspace       used 42304K, committed 42624K, reserved 1114112K
  class space    used 5703K, committed 5824K, reserved 1048576K
}
Event: 7.622 GC heap after
{Heap after GC invocations=10 (full 0):
 garbage-first heap   total 71680K, used 28002K [0x0000000080000000, 0x0000000100000000)
  region size 1024K, 4 young (4096K), 4 survivors (4096K)
 Metaspace       used 42304K, committed 42624K, reserved 1114112K
  class space    used 5703K, committed 5824K, reserved 1048576K
}
Event: 8.087 GC heap before
{Heap before GC invocations=10 (full 0):
 garbage-first heap   total 71680K, used 54626K [0x0000000080000000, 0x0000000100000000)
  region size 1024K, 30 young (30720K), 4 survivors (4096K)
 Metaspace       used 43489K, committed 43840K, reserved 1114112K
  class space    used 5829K, committed 6016K, reserved 1048576K
}
Event: 8.093 GC heap after
{Heap after GC invocations=11 (full 0):
 garbage-first heap   total 71680K, used 30996K [0x0000000080000000, 0x0000000100000000)
  region size 1024K, 3 young (3072K), 3 survivors (3072K)
 Metaspace       used 43489K, committed 43840K, reserved 1114112K
  class space    used 5829K, committed 6016K, reserved 1048576K
}
Event: 8.121 GC heap before
{Heap before GC invocations=11 (full 0):
 garbage-first heap   total 71680K, used 34068K [0x0000000080000000, 0x0000000100000000)
  region size 1024K, 5 young (5120K), 3 survivors (3072K)
 Metaspace       used 43535K, committed 43904K, reserved 1114112K
  class space    used 5834K, committed 6016K, reserved 1048576K
}
Event: 8.124 GC heap after
{Heap after GC invocations=12 (full 0):
 garbage-first heap   total 71680K, used 33535K [0x0000000080000000, 0x0000000100000000)
  region size 1024K, 1 young (1024K), 1 survivors (1024K)
 Metaspace       used 43535K, committed 43904K, reserved 1114112K
  class space    used 5834K, committed 6016K, reserved 1048576K
}
Event: 8.542 GC heap before
{Heap before GC invocations=13 (full 0):
 garbage-first heap   total 71680K, used 58111K [0x0000000080000000, 0x0000000100000000)
  region size 1024K, 23 young (23552K), 1 survivors (1024K)
 Metaspace       used 45746K, committed 46208K, reserved 1114112K
  class space    used 6079K, committed 6272K, reserved 1048576K
}
Event: 8.544 GC heap after
{Heap after GC invocations=14 (full 0):
 garbage-first heap   total 71680K, used 32059K [0x0000000080000000, 0x0000000100000000)
  region size 1024K, 2 young (2048K), 2 survivors (2048K)
 Metaspace       used 45746K, committed 46208K, reserved 1114112K
  class space    used 6079K, committed 6272K, reserved 1048576K
}

